📥 Descargando datos para AAPL...
⚙️ Generando features matemáticos...

======================================================================
🚀 Evaluando Transformación: PIT_Aprendida_Logit
======================================================================
⏳ Fase 1/3: Meta-features iniciales (1356→582 val)...
⏳ Fase 2/3: Base completo (1938 muestras)...
⏳ Fase 3/3: Walk-forward adaptivo (832 pasos)...
✅ Dirección Acc: 0.5481 │ Precio R²: 0.6877

======================================================================
🚀 Evaluando Transformación: Normalizing_Flow_PyTorch
======================================================================
⏳ Fase 1/3: Meta-features iniciales (1356→582 val)...
⏳ Fase 2/3: Base completo (1938 muestras)...
⏳ Fase 3/3: Walk-forward adaptivo (832 pasos)...
✅ Dirección Acc: 0.5481 │ Precio R²: 0.7740

======================================================================
🚀 Evaluando Transformación: Rational_Spline_PCHIP
======================================================================
⏳ Fase 1/3: Meta-features iniciales (1356→582 val)...
⏳ Fase 2/3: Base completo (1938 muestras)...
⏳ Fase 3/3: Walk-forward adaptivo (832 pasos)...
✅ Dirección Acc: 0.5481 │ Precio R²: 0.7282

======================================================================
🚀 Evaluando Transformación: INN_Yeo_Johnson
======================================================================
⏳ Fase 1/3: Meta-features iniciales (1356→582 val)...
⏳ Fase 2/3: Base completo (1938 muestras)...
⏳ Fase 3/3: Walk-forward adaptivo (832 pasos)...
✅ Dirección Acc: 0.5481 │ Precio R²: 0.7278

======================================================================
🚀 Evaluando Transformación: Sktime_Pipeline_LogSS
======================================================================
⏳ Fase 1/3: Meta-features iniciales (1356→582 val)...
⏳ Fase 2/3: Base completo (1938 muestras)...
⏳ Fase 3/3: Walk-forward adaptivo (832 pasos)...
✅ Dirección Acc: 0.5481 │ Precio R²: 0.7791

======================================================================
🚀 Evaluando Transformación: Omni_Custom_SinhArcsinh
======================================================================
⏳ Fase 1/3: Meta-features iniciales (1356→582 val)...
⏳ Fase 2/3: Base completo (1938 muestras)...
⏳ Fase 3/3: Walk-forward adaptivo (832 pasos)...
✅ Dirección Acc: 0.5481 │ Precio R²: 0.5069

✅ Reporte HTML generado exitosamente: 'metricas_transformaciones.html'
